<?xml version="1.0" encoding="UTF-8"?>
<testsuite name="LCAJava.LCAJavaTest" tests="1" skipped="0" failures="0" errors="0" timestamp="2020-11-13T20:48:05" hostname="JENNA-LAPPY-TOP" time="0.002">
  <properties/>
  <testcase name="test" classname="LCAJava.LCAJavaTest" time="0.002"/>
  <system-out><![CDATA[]]></system-out>
  <system-err><![CDATA[]]></system-err>
</testsuite>
